UERANSIM v3.2.6
[2024-02-18 14:58:26.972] [nas] [info] UE switches to state [MM-DEREGISTERED/PLMN-SEARCH]
[2024-02-18 14:58:26.992] [rrc] [debug] New signal detected for cell[1], total [1] cells in coverage
[2024-02-18 14:58:26.993] [nas] [info] Selected plmn[208/95]
[2024-02-18 14:58:26.994] [rrc] [info] Selected cell plmn[208/95] tac[40960] category[SUITABLE]
[2024-02-18 14:58:26.994] [nas] [info] UE switches to state [MM-DEREGISTERED/PS]
[2024-02-18 14:58:26.995] [nas] [info] UE switches to state [MM-DEREGISTERED/NORMAL-SERVICE]
[2024-02-18 14:58:26.996] [nas] [debug] Initial registration required due to [MM-DEREG-NORMAL-SERVICE]
[2024-02-18 14:58:27.014] [nas] [debug] UAC access attempt is allowed for identity[0], category[MO_sig]
[2024-02-18 14:58:27.015] [nas] [debug] Sending Initial Registration
[2024-02-18 14:58:27.022] [rrc] [debug] Sending RRC Setup Request
[2024-02-18 14:58:27.022] [nas] [info] UE switches to state [MM-REGISTER-INITIATED]
[2024-02-18 14:58:27.036] [rrc] [info] RRC connection established
[2024-02-18 14:58:27.037] [rrc] [info] UE switches to state [RRC-CONNECTED]
[2024-02-18 14:58:27.037] [nas] [info] UE switches to state [CM-CONNECTED]
[2024-02-18 14:58:27.659] [nas] [debug] Authentication Request received
[2024-02-18 14:58:27.909] [nas] [debug] Security Mode Command received
[2024-02-18 14:58:27.910] [nas] [debug] Selected integrity[1] ciphering[1]
[2024-02-18 14:58:28.079] [nas] [debug] Registration accept received
[2024-02-18 14:58:28.079] [nas] [info] UE switches to state [MM-REGISTERED/NORMAL-SERVICE]
[2024-02-18 14:58:28.079] [nas] [debug] Sending Registration Complete
[2024-02-18 14:58:28.081] [nas] [info] Initial Registration is successful
[2024-02-18 14:58:28.081] [nas] [debug] Sending PDU Session Establishment Request
[2024-02-18 14:58:28.081] [nas] [debug] UAC access attempt is allowed for identity[0], category[MO_sig]
[2024-02-18 14:58:28.082] [nas] [debug] Sending PDU Session Establishment Request
[2024-02-18 14:58:28.083] [nas] [debug] UAC access attempt is allowed for identity[0], category[MO_sig]
[2024-02-18 14:58:28.084] [nas] [debug] Sending PDU Session Establishment Request
[2024-02-18 14:58:28.086] [nas] [debug] UAC access attempt is allowed for identity[0], category[MO_sig]
[2024-02-18 14:58:28.632] [nas] [error] PDU Session Establishment Reject received [?]
[2024-02-18 14:58:28.841] [nas] [error] PDU Session Establishment Reject received [?]
[2024-02-18 14:58:29.177] [nas] [debug] Sending PDU Session Establishment Request
[2024-02-18 14:58:29.183] [nas] [debug] UAC access attempt is allowed for identity[0], category[MO_sig]
[2024-02-18 14:58:29.184] [nas] [debug] Sending PDU Session Establishment Request
[2024-02-18 14:58:29.184] [nas] [debug] UAC access attempt is allowed for identity[0], category[MO_sig]
[2024-02-18 14:58:29.278] [nas] [error] PDU Session Establishment Reject received [?]
[2024-02-18 14:58:29.333] [nas] [error] PDU Session Establishment Reject received [?]
[2024-02-18 14:58:30.278] [nas] [debug] Sending PDU Session Establishment Request
[2024-02-18 14:58:30.279] [nas] [debug] UAC access attempt is allowed for identity[0], category[MO_sig]
[2024-02-18 14:58:30.280] [nas] [debug] Sending PDU Session Establishment Request
[2024-02-18 14:58:30.281] [nas] [debug] UAC access attempt is allowed for identity[0], category[MO_sig]
[2024-02-18 14:58:30.387] [nas] [error] PDU Session Establishment Reject received [?]
[2024-02-18 14:58:30.465] [nas] [error] PDU Session Establishment Reject received [?]
[2024-02-18 14:58:31.387] [nas] [debug] Sending PDU Session Establishment Request
[2024-02-18 14:58:31.392] [nas] [debug] UAC access attempt is allowed for identity[0], category[MO_sig]
[2024-02-18 14:58:31.393] [nas] [debug] Sending PDU Session Establishment Request
[2024-02-18 14:58:31.395] [nas] [debug] UAC access attempt is allowed for identity[0], category[MO_sig]
[2024-02-18 14:58:31.481] [nas] [error] PDU Session Establishment Reject received [?]
[2024-02-18 14:58:31.481] [nas] [debug] Sending PDU Session Establishment Request
[2024-02-18 14:58:31.482] [nas] [debug] UAC access attempt is allowed for identity[0], category[MO_sig]
[2024-02-18 14:58:31.520] [nas] [error] PDU Session Establishment Reject received [?]
[2024-02-18 14:58:31.585] [nas] [error] PDU Session Establishment Reject received [?]
[2024-02-18 14:58:32.505] [nas] [debug] Sending PDU Session Establishment Request
[2024-02-18 14:58:32.620] [nas] [error] No response from RRC from UAC checks, considering access attempt is barred
[2024-02-18 14:58:32.620] [nas] [debug] Sending PDU Session Establishment Request
[2024-02-18 14:58:32.676] [nas] [debug] UAC access attempt is allowed for identity[0], category[MO_sig]
[2024-02-18 14:58:32.913] [nas] [error] PDU Session Establishment Reject received [?]
[2024-02-18 14:58:33.606] [nas] [debug] Sending PDU Session Establishment Request
[2024-02-18 14:58:33.608] [nas] [debug] UAC access attempt is allowed for identity[0], category[MO_sig]
[2024-02-18 14:58:33.683] [nas] [error] PDU Session Establishment Reject received [?]
[2024-02-18 14:58:34.711] [nas] [debug] Sending PDU Session Establishment Request
[2024-02-18 14:58:34.717] [nas] [debug] UAC access attempt is allowed for identity[0], category[MO_sig]
[2024-02-18 14:58:34.806] [nas] [error] PDU Session Establishment Reject received [?]
[2024-02-18 14:58:35.812] [nas] [debug] Sending PDU Session Establishment Request
[2024-02-18 14:58:35.813] [nas] [debug] UAC access attempt is allowed for identity[0], category[MO_sig]
[2024-02-18 14:58:35.873] [nas] [error] PDU Session Establishment Reject received [?]
[2024-02-18 14:58:36.913] [nas] [debug] Sending PDU Session Establishment Request
[2024-02-18 14:58:36.914] [nas] [debug] UAC access attempt is allowed for identity[0], category[MO_sig]
[2024-02-18 14:58:37.036] [nas] [error] PDU Session Establishment Reject received [?]
[2024-02-18 14:58:38.014] [nas] [debug] Sending PDU Session Establishment Request
[2024-02-18 14:58:38.015] [nas] [debug] UAC access attempt is allowed for identity[0], category[MO_sig]
[2024-02-18 14:58:38.085] [nas] [error] PDU Session Establishment Reject received [?]
[2024-02-18 14:58:39.115] [nas] [debug] Sending PDU Session Establishment Request
[2024-02-18 14:58:39.116] [nas] [debug] UAC access attempt is allowed for identity[0], category[MO_sig]
[2024-02-18 14:58:39.181] [nas] [error] PDU Session Establishment Reject received [?]
[2024-02-18 14:58:40.216] [nas] [debug] Sending PDU Session Establishment Request
[2024-02-18 14:58:40.216] [nas] [debug] UAC access attempt is allowed for identity[0], category[MO_sig]
[2024-02-18 14:58:40.283] [nas] [error] PDU Session Establishment Reject received [?]
[2024-02-18 14:58:41.322] [nas] [debug] Sending PDU Session Establishment Request
[2024-02-18 14:58:41.346] [nas] [debug] UAC access attempt is allowed for identity[0], category[MO_sig]
[2024-02-18 14:58:41.402] [nas] [error] PDU Session Establishment Reject received [?]
[2024-02-18 14:58:41.484] [nas] [debug] Sending PDU Session Establishment Request
[2024-02-18 14:58:41.485] [nas] [debug] UAC access attempt is allowed for identity[0], category[MO_sig]
[2024-02-18 14:58:41.548] [nas] [error] PDU Session Establishment Reject received [?]
[2024-02-18 14:58:42.425] [nas] [debug] Sending PDU Session Establishment Request
[2024-02-18 14:58:42.427] [nas] [debug] UAC access attempt is allowed for identity[0], category[MO_sig]
[2024-02-18 14:58:42.614] [nas] [error] PDU Session Establishment Reject received [?]
[2024-02-18 14:58:43.529] [nas] [debug] Sending PDU Session Establishment Request
[2024-02-18 14:58:43.533] [nas] [debug] UAC access attempt is allowed for identity[0], category[MO_sig]
[2024-02-18 14:58:43.612] [nas] [error] PDU Session Establishment Reject received [?]
[2024-02-18 14:58:44.630] [nas] [debug] Sending PDU Session Establishment Request
[2024-02-18 14:58:44.630] [nas] [debug] UAC access attempt is allowed for identity[0], category[MO_sig]
[2024-02-18 14:58:44.715] [nas] [error] PDU Session Establishment Reject received [?]
[2024-02-18 14:58:45.051] [nas] [warning] Retransmitting PDU Session Establishment Request due to T3580 expiry
[2024-02-18 14:58:45.051] [nas] [debug] UAC access attempt is allowed for identity[0], category[MO_sig]
[2024-02-18 14:58:45.121] [nas] [error] PDU Session Establishment Reject received [?]
[2024-02-18 14:58:45.731] [nas] [debug] Sending PDU Session Establishment Request
[2024-02-18 14:58:45.731] [nas] [debug] UAC access attempt is allowed for identity[0], category[MO_sig]
[2024-02-18 14:58:45.732] [nas] [debug] Sending PDU Session Establishment Request
[2024-02-18 14:58:45.733] [nas] [debug] UAC access attempt is allowed for identity[0], category[MO_sig]
[2024-02-18 14:58:45.791] [nas] [error] PDU Session Establishment Reject received [?]
[2024-02-18 14:58:45.828] [nas] [error] PDU Session Establishment Reject received [?]
[2024-02-18 14:58:46.833] [nas] [debug] Sending PDU Session Establishment Request
[2024-02-18 14:58:46.833] [nas] [debug] UAC access attempt is allowed for identity[0], category[MO_sig]
[2024-02-18 14:58:46.834] [nas] [debug] Sending PDU Session Establishment Request
[2024-02-18 14:58:46.835] [nas] [debug] UAC access attempt is allowed for identity[0], category[MO_sig]
[2024-02-18 14:58:46.923] [nas] [error] PDU Session Establishment Reject received [?]
[2024-02-18 14:58:46.965] [nas] [error] PDU Session Establishment Reject received [?]
[2024-02-18 14:58:47.933] [nas] [debug] Sending PDU Session Establishment Request
[2024-02-18 14:58:47.933] [nas] [debug] UAC access attempt is allowed for identity[0], category[MO_sig]
[2024-02-18 14:58:47.934] [nas] [debug] Sending PDU Session Establishment Request
[2024-02-18 14:58:47.934] [nas] [debug] UAC access attempt is allowed for identity[0], category[MO_sig]
[2024-02-18 14:58:47.996] [nas] [error] PDU Session Establishment Reject received [?]
[2024-02-18 14:58:48.043] [nas] [error] PDU Session Establishment Reject received [?]
[2024-02-18 14:58:49.034] [nas] [debug] Sending PDU Session Establishment Request
[2024-02-18 14:58:49.034] [nas] [debug] UAC access attempt is allowed for identity[0], category[MO_sig]
[2024-02-18 14:58:49.035] [nas] [debug] Sending PDU Session Establishment Request
[2024-02-18 14:58:49.035] [nas] [debug] UAC access attempt is allowed for identity[0], category[MO_sig]
[2024-02-18 14:58:49.055] [nas] [warning] Retransmitting PDU Session Establishment Request due to T3580 expiry
[2024-02-18 14:58:49.056] [nas] [debug] UAC access attempt is allowed for identity[0], category[MO_sig]
[2024-02-18 14:58:49.115] [nas] [error] PDU Session Establishment Reject received [?]
[2024-02-18 14:58:49.181] [nas] [error] PDU Session Establishment Reject received [?]
[2024-02-18 14:58:50.135] [nas] [debug] Sending PDU Session Establishment Request
[2024-02-18 14:58:50.135] [nas] [debug] UAC access attempt is allowed for identity[0], category[MO_sig]
[2024-02-18 14:58:50.136] [nas] [debug] Sending PDU Session Establishment Request
[2024-02-18 14:58:50.136] [nas] [debug] UAC access attempt is allowed for identity[0], category[MO_sig]
[2024-02-18 14:58:50.202] [nas] [error] PDU Session Establishment Reject received [?]
[2024-02-18 14:58:50.248] [nas] [error] PDU Session Establishment Reject received [?]
[2024-02-18 14:58:51.236] [nas] [debug] Sending PDU Session Establishment Request
[2024-02-18 14:58:51.236] [nas] [debug] UAC access attempt is allowed for identity[0], category[MO_sig]
[2024-02-18 14:58:51.237] [nas] [debug] Sending PDU Session Establishment Request
[2024-02-18 14:58:51.237] [nas] [debug] UAC access attempt is allowed for identity[0], category[MO_sig]
[2024-02-18 14:58:51.297] [nas] [error] PDU Session Establishment Reject received [?]
[2024-02-18 14:58:51.351] [nas] [error] PDU Session Establishment Reject received [?]
[2024-02-18 14:58:51.481] [nas] [debug] Sending PDU Session Establishment Request
[2024-02-18 14:58:51.482] [nas] [debug] UAC access attempt is allowed for identity[0], category[MO_sig]
[2024-02-18 14:58:51.482] [nas] [debug] Sending PDU Session Establishment Request
[2024-02-18 14:58:51.483] [nas] [debug] UAC access attempt is allowed for identity[0], category[MO_sig]
[2024-02-18 14:58:51.545] [nas] [error] PDU Session Establishment Reject received [?]
[2024-02-18 14:58:51.594] [nas] [error] PDU Session Establishment Reject received [?]
[2024-02-18 14:58:52.338] [nas] [debug] Sending PDU Session Establishment Request
[2024-02-18 14:58:52.339] [nas] [debug] UAC access attempt is allowed for identity[0], category[MO_sig]
[2024-02-18 14:58:52.340] [nas] [debug] Sending PDU Session Establishment Request
[2024-02-18 14:58:52.341] [nas] [debug] UAC access attempt is allowed for identity[0], category[MO_sig]
[2024-02-18 14:58:52.427] [nas] [error] PDU Session Establishment Reject received [?]
[2024-02-18 14:58:52.460] [nas] [error] PDU Session Establishment Reject received [?]
[2024-02-18 14:58:53.439] [nas] [debug] Sending PDU Session Establishment Request
[2024-02-18 14:58:53.439] [nas] [debug] UAC access attempt is allowed for identity[0], category[MO_sig]
[2024-02-18 14:58:53.440] [nas] [debug] Sending PDU Session Establishment Request
[2024-02-18 14:58:53.441] [nas] [debug] UAC access attempt is allowed for identity[0], category[MO_sig]
[2024-02-18 14:58:53.507] [nas] [error] PDU Session Establishment Reject received [?]
[2024-02-18 14:58:53.540] [nas] [error] PDU Session Establishment Reject received [?]
[2024-02-18 14:58:54.540] [nas] [debug] Sending PDU Session Establishment Request
[2024-02-18 14:58:54.541] [nas] [debug] UAC access attempt is allowed for identity[0], category[MO_sig]
[2024-02-18 14:58:54.541] [nas] [debug] Sending PDU Session Establishment Request
[2024-02-18 14:58:54.542] [nas] [debug] UAC access attempt is allowed for identity[0], category[MO_sig]
[2024-02-18 14:58:54.609] [nas] [error] PDU Session Establishment Reject received [?]
[2024-02-18 14:58:54.643] [nas] [error] PDU Session Establishment Reject received [?]
[2024-02-18 14:58:55.641] [nas] [debug] Sending PDU Session Establishment Request
[2024-02-18 14:58:55.642] [nas] [debug] UAC access attempt is allowed for identity[0], category[MO_sig]
[2024-02-18 14:58:55.643] [nas] [debug] Sending PDU Session Establishment Request
[2024-02-18 14:58:55.643] [nas] [debug] UAC access attempt is allowed for identity[0], category[MO_sig]
[2024-02-18 14:58:55.746] [nas] [error] PDU Session Establishment Reject received [?]
[2024-02-18 14:58:55.798] [nas] [error] PDU Session Establishment Reject received [?]
[2024-02-18 14:58:56.742] [nas] [debug] Sending PDU Session Establishment Request
[2024-02-18 14:58:56.742] [nas] [debug] UAC access attempt is allowed for identity[0], category[MO_sig]
[2024-02-18 14:58:56.743] [nas] [debug] Sending PDU Session Establishment Request
[2024-02-18 14:58:56.744] [nas] [debug] UAC access attempt is allowed for identity[0], category[MO_sig]
[2024-02-18 14:58:56.804] [nas] [error] PDU Session Establishment Reject received [?]
[2024-02-18 14:58:56.871] [nas] [error] PDU Session Establishment Reject received [?]
[2024-02-18 14:58:57.843] [nas] [debug] Sending PDU Session Establishment Request
[2024-02-18 14:58:57.844] [nas] [debug] UAC access attempt is allowed for identity[0], category[MO_sig]
[2024-02-18 14:58:57.844] [nas] [debug] Sending PDU Session Establishment Request
[2024-02-18 14:58:57.845] [nas] [debug] UAC access attempt is allowed for identity[0], category[MO_sig]
[2024-02-18 14:58:57.922] [nas] [error] PDU Session Establishment Reject received [?]
[2024-02-18 14:58:57.973] [nas] [error] PDU Session Establishment Reject received [?]
[2024-02-18 14:58:58.944] [nas] [debug] Sending PDU Session Establishment Request
[2024-02-18 14:58:58.944] [nas] [debug] UAC access attempt is allowed for identity[0], category[MO_sig]
[2024-02-18 14:58:58.945] [nas] [debug] Sending PDU Session Establishment Request
[2024-02-18 14:58:58.945] [nas] [debug] UAC access attempt is allowed for identity[0], category[MO_sig]
[2024-02-18 14:58:59.024] [nas] [error] PDU Session Establishment Reject received [?]
[2024-02-18 14:58:59.088] [nas] [error] PDU Session Establishment Reject received [?]
[2024-02-18 14:59:00.045] [nas] [debug] Sending PDU Session Establishment Request
[2024-02-18 14:59:00.046] [nas] [debug] UAC access attempt is allowed for identity[0], category[MO_sig]
[2024-02-18 14:59:00.046] [nas] [debug] Sending PDU Session Establishment Request
[2024-02-18 14:59:00.046] [nas] [debug] UAC access attempt is allowed for identity[0], category[MO_sig]
[2024-02-18 14:59:00.123] [nas] [error] PDU Session Establishment Reject received [?]
[2024-02-18 14:59:00.170] [nas] [error] PDU Session Establishment Reject received [?]
[2024-02-18 14:59:01.146] [nas] [debug] Sending PDU Session Establishment Request
[2024-02-18 14:59:01.146] [nas] [debug] UAC access attempt is allowed for identity[0], category[MO_sig]
[2024-02-18 14:59:01.147] [nas] [debug] Sending PDU Session Establishment Request
[2024-02-18 14:59:01.147] [nas] [debug] UAC access attempt is allowed for identity[0], category[MO_sig]
[2024-02-18 14:59:01.220] [nas] [error] PDU Session Establishment Reject received [?]
[2024-02-18 14:59:01.260] [nas] [error] PDU Session Establishment Reject received [?]
[2024-02-18 14:59:01.483] [nas] [debug] Sending PDU Session Establishment Request
[2024-02-18 14:59:01.483] [nas] [debug] UAC access attempt is allowed for identity[0], category[MO_sig]
[2024-02-18 14:59:01.484] [nas] [debug] Sending PDU Session Establishment Request
[2024-02-18 14:59:01.485] [nas] [debug] UAC access attempt is allowed for identity[0], category[MO_sig]
[2024-02-18 14:59:01.544] [nas] [error] PDU Session Establishment Reject received [?]
[2024-02-18 14:59:01.602] [nas] [error] PDU Session Establishment Reject received [?]
[2024-02-18 14:59:02.247] [nas] [debug] Sending PDU Session Establishment Request
[2024-02-18 14:59:02.248] [nas] [debug] UAC access attempt is allowed for identity[0], category[MO_sig]
[2024-02-18 14:59:02.248] [nas] [debug] Sending PDU Session Establishment Request
[2024-02-18 14:59:02.249] [nas] [debug] UAC access attempt is allowed for identity[0], category[MO_sig]
[2024-02-18 14:59:02.302] [nas] [error] PDU Session Establishment Reject received [?]
[2024-02-18 14:59:02.339] [nas] [error] PDU Session Establishment Reject received [?]
[2024-02-18 14:59:03.348] [nas] [debug] Sending PDU Session Establishment Request
[2024-02-18 14:59:03.348] [nas] [debug] UAC access attempt is allowed for identity[0], category[MO_sig]
[2024-02-18 14:59:03.349] [nas] [debug] Sending PDU Session Establishment Request
[2024-02-18 14:59:03.349] [nas] [debug] UAC access attempt is allowed for identity[0], category[MO_sig]
[2024-02-18 14:59:03.417] [nas] [error] PDU Session Establishment Reject received [?]
[2024-02-18 14:59:03.458] [nas] [error] PDU Session Establishment Reject received [?]
[2024-02-18 14:59:04.449] [nas] [debug] Sending PDU Session Establishment Request
[2024-02-18 14:59:04.449] [nas] [debug] UAC access attempt is allowed for identity[0], category[MO_sig]
[2024-02-18 14:59:04.450] [nas] [debug] Sending PDU Session Establishment Request
[2024-02-18 14:59:04.450] [nas] [debug] UAC access attempt is allowed for identity[0], category[MO_sig]
[2024-02-18 14:59:04.506] [nas] [error] PDU Session Establishment Reject received [?]
[2024-02-18 14:59:04.571] [nas] [error] PDU Session Establishment Reject received [?]
[2024-02-18 14:59:05.073] [nas] [warning] Retransmitting PDU Session Establishment Request due to T3580 expiry
[2024-02-18 14:59:05.075] [nas] [debug] UAC access attempt is allowed for identity[0], category[MO_sig]
[2024-02-18 14:59:05.124] [nas] [error] PDU Session Establishment Reject received [?]
[2024-02-18 14:59:05.550] [nas] [debug] Sending PDU Session Establishment Request
[2024-02-18 14:59:05.551] [nas] [debug] UAC access attempt is allowed for identity[0], category[MO_sig]
[2024-02-18 14:59:05.551] [nas] [debug] Sending PDU Session Establishment Request
[2024-02-18 14:59:05.552] [nas] [debug] UAC access attempt is allowed for identity[0], category[MO_sig]
[2024-02-18 14:59:05.553] [nas] [debug] Sending PDU Session Establishment Request
[2024-02-18 14:59:05.553] [nas] [debug] UAC access attempt is allowed for identity[0], category[MO_sig]
[2024-02-18 14:59:05.602] [nas] [error] PDU Session Establishment Reject received [?]
[2024-02-18 14:59:05.641] [nas] [error] PDU Session Establishment Reject received [?]
[2024-02-18 14:59:06.651] [nas] [debug] Sending PDU Session Establishment Request
[2024-02-18 14:59:06.652] [nas] [debug] UAC access attempt is allowed for identity[0], category[MO_sig]
[2024-02-18 14:59:06.653] [nas] [debug] Sending PDU Session Establishment Request
[2024-02-18 14:59:06.653] [nas] [debug] UAC access attempt is allowed for identity[0], category[MO_sig]
[2024-02-18 14:59:06.712] [nas] [error] PDU Session Establishment Reject received [?]
[2024-02-18 14:59:06.745] [nas] [error] PDU Session Establishment Reject received [?]
[2024-02-18 14:59:07.752] [nas] [debug] Sending PDU Session Establishment Request
[2024-02-18 14:59:07.752] [nas] [debug] UAC access attempt is allowed for identity[0], category[MO_sig]
[2024-02-18 14:59:07.753] [nas] [debug] Sending PDU Session Establishment Request
[2024-02-18 14:59:07.753] [nas] [debug] UAC access attempt is allowed for identity[0], category[MO_sig]
[2024-02-18 14:59:07.810] [nas] [error] PDU Session Establishment Reject received [?]
[2024-02-18 14:59:07.844] [nas] [error] PDU Session Establishment Reject received [?]
[2024-02-18 14:59:08.853] [nas] [debug] Sending PDU Session Establishment Request
[2024-02-18 14:59:08.854] [nas] [debug] UAC access attempt is allowed for identity[0], category[MO_sig]
[2024-02-18 14:59:08.854] [nas] [debug] Sending PDU Session Establishment Request
[2024-02-18 14:59:08.855] [nas] [debug] UAC access attempt is allowed for identity[0], category[MO_sig]
[2024-02-18 14:59:08.902] [nas] [error] PDU Session Establishment Reject received [?]
[2024-02-18 14:59:08.941] [nas] [error] PDU Session Establishment Reject received [?]
[2024-02-18 14:59:09.954] [nas] [debug] Sending PDU Session Establishment Request
[2024-02-18 14:59:09.954] [nas] [debug] UAC access attempt is allowed for identity[0], category[MO_sig]
[2024-02-18 14:59:09.955] [nas] [debug] Sending PDU Session Establishment Request
[2024-02-18 14:59:09.955] [nas] [debug] UAC access attempt is allowed for identity[0], category[MO_sig]
[2024-02-18 14:59:10.022] [nas] [error] PDU Session Establishment Reject received [?]
[2024-02-18 14:59:10.062] [nas] [error] PDU Session Establishment Reject received [?]
[2024-02-18 14:59:11.055] [nas] [debug] Sending PDU Session Establishment Request
[2024-02-18 14:59:11.055] [nas] [debug] UAC access attempt is allowed for identity[0], category[MO_sig]
[2024-02-18 14:59:11.056] [nas] [debug] Sending PDU Session Establishment Request
[2024-02-18 14:59:11.057] [nas] [debug] UAC access attempt is allowed for identity[0], category[MO_sig]
[2024-02-18 14:59:11.153] [nas] [error] PDU Session Establishment Reject received [?]
[2024-02-18 14:59:11.203] [nas] [error] PDU Session Establishment Reject received [?]
[2024-02-18 14:59:11.484] [nas] [debug] Sending PDU Session Establishment Request
[2024-02-18 14:59:11.484] [nas] [debug] UAC access attempt is allowed for identity[0], category[MO_sig]
[2024-02-18 14:59:11.485] [nas] [debug] Sending PDU Session Establishment Request
[2024-02-18 14:59:11.485] [nas] [debug] UAC access attempt is allowed for identity[0], category[MO_sig]
[2024-02-18 14:59:11.550] [nas] [error] PDU Session Establishment Reject received [?]
[2024-02-18 14:59:11.588] [nas] [error] PDU Session Establishment Reject received [?]
[2024-02-18 14:59:12.156] [nas] [debug] Sending PDU Session Establishment Request
[2024-02-18 14:59:12.156] [nas] [debug] UAC access attempt is allowed for identity[0], category[MO_sig]
[2024-02-18 14:59:12.157] [nas] [debug] Sending PDU Session Establishment Request
[2024-02-18 14:59:12.157] [nas] [debug] UAC access attempt is allowed for identity[0], category[MO_sig]
[2024-02-18 14:59:12.218] [nas] [error] PDU Session Establishment Reject received [?]
[2024-02-18 14:59:12.271] [nas] [error] PDU Session Establishment Reject received [?]
[2024-02-18 14:59:13.257] [nas] [debug] Sending PDU Session Establishment Request
[2024-02-18 14:59:13.258] [nas] [debug] UAC access attempt is allowed for identity[0], category[MO_sig]
[2024-02-18 14:59:13.259] [nas] [debug] Sending PDU Session Establishment Request
[2024-02-18 14:59:13.259] [nas] [debug] UAC access attempt is allowed for identity[0], category[MO_sig]
[2024-02-18 14:59:13.544] [nas] [error] PDU Session Establishment Reject received [?]
[2024-02-18 14:59:14.358] [nas] [debug] Sending PDU Session Establishment Request
[2024-02-18 14:59:14.358] [nas] [debug] UAC access attempt is allowed for identity[0], category[MO_sig]
[2024-02-18 14:59:14.432] [nas] [error] PDU Session Establishment Reject received [?]
[2024-02-18 14:59:15.459] [nas] [debug] Sending PDU Session Establishment Request
[2024-02-18 14:59:15.459] [nas] [debug] UAC access attempt is allowed for identity[0], category[MO_sig]
[2024-02-18 14:59:15.514] [nas] [error] PDU Session Establishment Reject received [?]
[2024-02-18 14:59:16.560] [nas] [debug] Sending PDU Session Establishment Request
[2024-02-18 14:59:16.562] [nas] [debug] UAC access attempt is allowed for identity[0], category[MO_sig]
[2024-02-18 14:59:16.623] [nas] [error] PDU Session Establishment Reject received [?]
[2024-02-18 14:59:17.661] [nas] [debug] Sending PDU Session Establishment Request
[2024-02-18 14:59:17.661] [nas] [debug] UAC access attempt is allowed for identity[0], category[MO_sig]
[2024-02-18 14:59:17.739] [nas] [error] PDU Session Establishment Reject received [?]
[2024-02-18 14:59:18.762] [nas] [debug] Sending PDU Session Establishment Request
[2024-02-18 14:59:18.763] [nas] [debug] UAC access attempt is allowed for identity[0], category[MO_sig]
[2024-02-18 14:59:18.838] [nas] [error] PDU Session Establishment Reject received [?]
[2024-02-18 14:59:19.863] [nas] [debug] Sending PDU Session Establishment Request
[2024-02-18 14:59:19.864] [nas] [debug] UAC access attempt is allowed for identity[0], category[MO_sig]
[2024-02-18 14:59:19.918] [nas] [error] PDU Session Establishment Reject received [?]
[2024-02-18 14:59:20.964] [nas] [debug] Sending PDU Session Establishment Request
[2024-02-18 14:59:20.965] [nas] [debug] UAC access attempt is allowed for identity[0], category[MO_sig]
[2024-02-18 14:59:21.054] [nas] [error] PDU Session Establishment Reject received [?]
[2024-02-18 14:59:21.484] [nas] [debug] Sending PDU Session Establishment Request
[2024-02-18 14:59:21.485] [nas] [debug] UAC access attempt is allowed for identity[0], category[MO_sig]
[2024-02-18 14:59:21.544] [nas] [error] PDU Session Establishment Reject received [?]
[2024-02-18 14:59:22.065] [nas] [debug] Sending PDU Session Establishment Request
[2024-02-18 14:59:22.065] [nas] [debug] UAC access attempt is allowed for identity[0], category[MO_sig]
[2024-02-18 14:59:22.103] [nas] [warning] Retransmitting PDU Session Establishment Request due to T3580 expiry
[2024-02-18 14:59:22.104] [nas] [debug] UAC access attempt is allowed for identity[0], category[MO_sig]
[2024-02-18 14:59:22.145] [nas] [error] PDU Session Establishment Reject received [?]
[2024-02-18 14:59:22.206] [nas] [error] PDU Session Establishment Reject received [?]
[2024-02-18 14:59:23.166] [nas] [debug] Sending PDU Session Establishment Request
[2024-02-18 14:59:23.166] [nas] [debug] UAC access attempt is allowed for identity[0], category[MO_sig]
[2024-02-18 14:59:23.167] [nas] [debug] Sending PDU Session Establishment Request
[2024-02-18 14:59:23.167] [nas] [debug] UAC access attempt is allowed for identity[0], category[MO_sig]
[2024-02-18 14:59:23.231] [nas] [error] PDU Session Establishment Reject received [?]
[2024-02-18 14:59:23.283] [nas] [error] PDU Session Establishment Reject received [?]
[2024-02-18 14:59:24.267] [nas] [debug] Sending PDU Session Establishment Request
[2024-02-18 14:59:24.268] [nas] [debug] UAC access attempt is allowed for identity[0], category[MO_sig]
[2024-02-18 14:59:24.268] [nas] [debug] Sending PDU Session Establishment Request
[2024-02-18 14:59:24.269] [nas] [debug] UAC access attempt is allowed for identity[0], category[MO_sig]
[2024-02-18 14:59:24.323] [nas] [error] PDU Session Establishment Reject received [?]
[2024-02-18 14:59:24.363] [nas] [error] PDU Session Establishment Reject received [?]
[2024-02-18 14:59:25.368] [nas] [debug] Sending PDU Session Establishment Request
[2024-02-18 14:59:25.368] [nas] [debug] UAC access attempt is allowed for identity[0], category[MO_sig]
[2024-02-18 14:59:25.369] [nas] [debug] Sending PDU Session Establishment Request
[2024-02-18 14:59:25.369] [nas] [debug] UAC access attempt is allowed for identity[0], category[MO_sig]
[2024-02-18 14:59:25.443] [nas] [error] PDU Session Establishment Reject received [?]
[2024-02-18 14:59:25.474] [nas] [error] PDU Session Establishment Reject received [?]
[2024-02-18 14:59:26.469] [nas] [debug] Sending PDU Session Establishment Request
[2024-02-18 14:59:26.469] [nas] [debug] UAC access attempt is allowed for identity[0], category[MO_sig]
[2024-02-18 14:59:26.470] [nas] [debug] Sending PDU Session Establishment Request
[2024-02-18 14:59:26.470] [nas] [debug] UAC access attempt is allowed for identity[0], category[MO_sig]
[2024-02-18 14:59:26.529] [nas] [error] PDU Session Establishment Reject received [?]
[2024-02-18 14:59:26.563] [nas] [error] PDU Session Establishment Reject received [?]
[2024-02-18 14:59:27.571] [nas] [debug] Sending PDU Session Establishment Request
[2024-02-18 14:59:27.573] [nas] [debug] UAC access attempt is allowed for identity[0], category[MO_sig]
[2024-02-18 14:59:27.576] [nas] [debug] Sending PDU Session Establishment Request
[2024-02-18 14:59:27.577] [nas] [debug] UAC access attempt is allowed for identity[0], category[MO_sig]
[2024-02-18 14:59:27.655] [nas] [error] PDU Session Establishment Reject received [?]
[2024-02-18 14:59:27.690] [nas] [error] PDU Session Establishment Reject received [?]
[2024-02-18 14:59:28.672] [nas] [debug] Sending PDU Session Establishment Request
[2024-02-18 14:59:28.673] [nas] [debug] UAC access attempt is allowed for identity[0], category[MO_sig]
[2024-02-18 14:59:28.674] [nas] [debug] Sending PDU Session Establishment Request
[2024-02-18 14:59:28.675] [nas] [debug] UAC access attempt is allowed for identity[0], category[MO_sig]
[2024-02-18 14:59:28.728] [nas] [error] PDU Session Establishment Reject received [?]
[2024-02-18 14:59:28.762] [nas] [error] PDU Session Establishment Reject received [?]
[2024-02-18 14:59:29.773] [nas] [debug] Sending PDU Session Establishment Request
[2024-02-18 14:59:29.773] [nas] [debug] UAC access attempt is allowed for identity[0], category[MO_sig]
[2024-02-18 14:59:29.774] [nas] [debug] Sending PDU Session Establishment Request
[2024-02-18 14:59:29.774] [nas] [debug] UAC access attempt is allowed for identity[0], category[MO_sig]
[2024-02-18 14:59:29.847] [nas] [error] PDU Session Establishment Reject received [?]
[2024-02-18 14:59:29.885] [nas] [error] PDU Session Establishment Reject received [?]
[2024-02-18 14:59:30.112] [nas] [warning] Retransmitting PDU Session Establishment Request due to T3580 expiry
[2024-02-18 14:59:30.113] [nas] [debug] UAC access attempt is allowed for identity[0], category[MO_sig]
[2024-02-18 14:59:30.172] [nas] [error] PDU Session Establishment Reject received [?]
[2024-02-18 14:59:30.896] [nas] [debug] Sending PDU Session Establishment Request
[2024-02-18 14:59:30.897] [nas] [debug] UAC access attempt is allowed for identity[0], category[MO_sig]
[2024-02-18 14:59:30.920] [nas] [debug] Sending PDU Session Establishment Request
[2024-02-18 14:59:30.950] [nas] [debug] UAC access attempt is allowed for identity[0], category[MO_sig]
[2024-02-18 14:59:30.974] [nas] [debug] Sending PDU Session Establishment Request
[2024-02-18 14:59:30.986] [nas] [debug] UAC access attempt is allowed for identity[0], category[MO_sig]
[2024-02-18 14:59:31.270] [nas] [error] PDU Session Establishment Reject received [?]
[2024-02-18 14:59:31.476] [nas] [error] PDU Session Establishment Reject received [?]
[2024-02-18 14:59:31.487] [nas] [debug] Sending PDU Session Establishment Request
[2024-02-18 14:59:31.489] [nas] [debug] UAC access attempt is allowed for identity[0], category[MO_sig]
[2024-02-18 14:59:31.490] [nas] [debug] Sending PDU Session Establishment Request
[2024-02-18 14:59:31.497] [nas] [debug] UAC access attempt is allowed for identity[0], category[MO_sig]
[2024-02-18 14:59:31.736] [nas] [error] PDU Session Establishment Reject received [?]
[2024-02-18 14:59:31.835] [nas] [error] PDU Session Establishment Reject received [?]
[2024-02-18 14:59:31.997] [nas] [debug] Sending PDU Session Establishment Request
[2024-02-18 14:59:31.997] [nas] [debug] UAC access attempt is allowed for identity[0], category[MO_sig]
[2024-02-18 14:59:32.000] [nas] [debug] Sending PDU Session Establishment Request
[2024-02-18 14:59:32.001] [nas] [debug] UAC access attempt is allowed for identity[0], category[MO_sig]
[2024-02-18 14:59:32.081] [nas] [error] PDU Session Establishment Reject received [?]
[2024-02-18 14:59:32.127] [nas] [error] PDU Session Establishment Reject received [?]
[2024-02-18 14:59:33.098] [nas] [debug] Sending PDU Session Establishment Request
[2024-02-18 14:59:33.098] [nas] [debug] UAC access attempt is allowed for identity[0], category[MO_sig]
[2024-02-18 14:59:33.100] [nas] [debug] Sending PDU Session Establishment Request
[2024-02-18 14:59:33.106] [nas] [debug] UAC access attempt is allowed for identity[0], category[MO_sig]
[2024-02-18 14:59:33.197] [nas] [error] PDU Session Establishment Reject received [?]
[2024-02-18 14:59:33.251] [nas] [error] PDU Session Establishment Reject received [?]
[2024-02-18 14:59:34.201] [nas] [debug] Sending PDU Session Establishment Request
[2024-02-18 14:59:34.203] [nas] [debug] UAC access attempt is allowed for identity[0], category[MO_sig]
[2024-02-18 14:59:34.205] [nas] [debug] Sending PDU Session Establishment Request
[2024-02-18 14:59:34.205] [nas] [debug] UAC access attempt is allowed for identity[0], category[MO_sig]
[2024-02-18 14:59:34.335] [nas] [error] PDU Session Establishment Reject received [?]
[2024-02-18 14:59:34.396] [nas] [error] PDU Session Establishment Reject received [?]
[2024-02-18 14:59:35.302] [nas] [debug] Sending PDU Session Establishment Request
[2024-02-18 14:59:35.302] [nas] [debug] UAC access attempt is allowed for identity[0], category[MO_sig]
[2024-02-18 14:59:35.303] [nas] [debug] Sending PDU Session Establishment Request
[2024-02-18 14:59:35.304] [nas] [debug] UAC access attempt is allowed for identity[0], category[MO_sig]
[2024-02-18 14:59:35.360] [nas] [error] PDU Session Establishment Reject received [?]
[2024-02-18 14:59:35.397] [nas] [error] PDU Session Establishment Reject received [?]
[2024-02-18 14:59:36.403] [nas] [debug] Sending PDU Session Establishment Request
[2024-02-18 14:59:36.403] [nas] [debug] UAC access attempt is allowed for identity[0], category[MO_sig]
[2024-02-18 14:59:36.404] [nas] [debug] Sending PDU Session Establishment Request
[2024-02-18 14:59:36.405] [nas] [debug] UAC access attempt is allowed for identity[0], category[MO_sig]
[2024-02-18 14:59:36.463] [nas] [error] PDU Session Establishment Reject received [?]
[2024-02-18 14:59:36.502] [nas] [error] PDU Session Establishment Reject received [?]
[2024-02-18 14:59:37.504] [nas] [debug] Sending PDU Session Establishment Request
[2024-02-18 14:59:37.504] [nas] [debug] UAC access attempt is allowed for identity[0], category[MO_sig]
[2024-02-18 14:59:37.505] [nas] [debug] Sending PDU Session Establishment Request
[2024-02-18 14:59:37.505] [nas] [debug] UAC access attempt is allowed for identity[0], category[MO_sig]
[2024-02-18 14:59:37.598] [nas] [error] PDU Session Establishment Reject received [?]
[2024-02-18 14:59:37.667] [nas] [error] PDU Session Establishment Reject received [?]
[2024-02-18 14:59:38.606] [nas] [debug] Sending PDU Session Establishment Request
[2024-02-18 14:59:38.608] [nas] [debug] UAC access attempt is allowed for identity[0], category[MO_sig]
[2024-02-18 14:59:38.609] [nas] [debug] Sending PDU Session Establishment Request
[2024-02-18 14:59:38.611] [nas] [debug] UAC access attempt is allowed for identity[0], category[MO_sig]
[2024-02-18 14:59:38.711] [nas] [error] PDU Session Establishment Reject received [?]
[2024-02-18 14:59:38.776] [nas] [error] PDU Session Establishment Reject received [?]
[2024-02-18 14:59:39.708] [nas] [debug] Sending PDU Session Establishment Request
[2024-02-18 14:59:39.709] [nas] [debug] UAC access attempt is allowed for identity[0], category[MO_sig]
[2024-02-18 14:59:39.709] [nas] [debug] Sending PDU Session Establishment Request
[2024-02-18 14:59:39.710] [nas] [debug] UAC access attempt is allowed for identity[0], category[MO_sig]
[2024-02-18 14:59:39.778] [nas] [error] PDU Session Establishment Reject received [?]
[2024-02-18 14:59:39.817] [nas] [error] PDU Session Establishment Reject received [?]
[2024-02-18 14:59:40.809] [nas] [debug] Sending PDU Session Establishment Request
[2024-02-18 14:59:40.809] [nas] [debug] UAC access attempt is allowed for identity[0], category[MO_sig]
[2024-02-18 14:59:40.810] [nas] [debug] Sending PDU Session Establishment Request
[2024-02-18 14:59:40.811] [nas] [debug] UAC access attempt is allowed for identity[0], category[MO_sig]
[2024-02-18 14:59:41.090] [nas] [error] PDU Session Establishment Reject received [?]
[2024-02-18 14:59:41.486] [nas] [debug] Sending PDU Session Establishment Request
[2024-02-18 14:59:41.486] [nas] [debug] UAC access attempt is allowed for identity[0], category[MO_sig]
[2024-02-18 14:59:41.576] [nas] [error] PDU Session Establishment Reject received [?]
[2024-02-18 14:59:41.910] [nas] [debug] Sending PDU Session Establishment Request
[2024-02-18 14:59:41.910] [nas] [debug] UAC access attempt is allowed for identity[0], category[MO_sig]
[2024-02-18 14:59:41.971] [nas] [error] PDU Session Establishment Reject received [?]
[2024-02-18 14:59:43.011] [nas] [debug] Sending PDU Session Establishment Request
[2024-02-18 14:59:43.011] [nas] [debug] UAC access attempt is allowed for identity[0], category[MO_sig]
[2024-02-18 14:59:43.072] [nas] [error] PDU Session Establishment Reject received [?]
[2024-02-18 14:59:44.112] [nas] [debug] Sending PDU Session Establishment Request
[2024-02-18 14:59:44.112] [nas] [debug] UAC access attempt is allowed for identity[0], category[MO_sig]
[2024-02-18 14:59:44.190] [nas] [error] PDU Session Establishment Reject received [?]
[2024-02-18 14:59:45.213] [nas] [debug] Sending PDU Session Establishment Request
[2024-02-18 14:59:45.213] [nas] [debug] UAC access attempt is allowed for identity[0], category[MO_sig]
[2024-02-18 14:59:45.258] [nas] [error] PDU Session Establishment Reject received [?]
[2024-02-18 14:59:46.314] [nas] [debug] Sending PDU Session Establishment Request
[2024-02-18 14:59:46.315] [nas] [debug] UAC access attempt is allowed for identity[0], category[MO_sig]
[2024-02-18 14:59:46.369] [nas] [error] PDU Session Establishment Reject received [?]
[2024-02-18 14:59:47.146] [nas] [warning] Retransmitting PDU Session Establishment Request due to T3580 expiry
[2024-02-18 14:59:47.147] [nas] [debug] UAC access attempt is allowed for identity[0], category[MO_sig]
[2024-02-18 14:59:47.210] [nas] [error] PDU Session Establishment Reject received [?]
[2024-02-18 14:59:47.415] [nas] [debug] Sending PDU Session Establishment Request
[2024-02-18 14:59:47.416] [nas] [debug] UAC access attempt is allowed for identity[0], category[MO_sig]
[2024-02-18 14:59:47.417] [nas] [debug] Sending PDU Session Establishment Request
[2024-02-18 14:59:47.417] [nas] [debug] UAC access attempt is allowed for identity[0], category[MO_sig]
[2024-02-18 14:59:47.469] [nas] [error] PDU Session Establishment Reject received [?]
[2024-02-18 14:59:47.513] [nas] [error] PDU Session Establishment Reject received [?]
[2024-02-18 14:59:48.516] [nas] [debug] Sending PDU Session Establishment Request
[2024-02-18 14:59:48.516] [nas] [debug] UAC access attempt is allowed for identity[0], category[MO_sig]
[2024-02-18 14:59:48.517] [nas] [debug] Sending PDU Session Establishment Request
[2024-02-18 14:59:48.517] [nas] [debug] UAC access attempt is allowed for identity[0], category[MO_sig]
[2024-02-18 14:59:48.615] [nas] [error] PDU Session Establishment Reject received [?]
[2024-02-18 14:59:48.724] [nas] [error] PDU Session Establishment Reject received [?]
[2024-02-18 14:59:49.645] [nas] [debug] Sending PDU Session Establishment Request
[2024-02-18 14:59:49.650] [nas] [debug] UAC access attempt is allowed for identity[0], category[MO_sig]
[2024-02-18 14:59:49.651] [nas] [debug] Sending PDU Session Establishment Request
[2024-02-18 14:59:49.651] [nas] [debug] UAC access attempt is allowed for identity[0], category[MO_sig]
[2024-02-18 14:59:49.691] [nas] [error] PDU Session Establishment Reject received [?]
[2024-02-18 14:59:49.727] [nas] [error] PDU Session Establishment Reject received [?]
[2024-02-18 14:59:50.747] [nas] [debug] Sending PDU Session Establishment Request
[2024-02-18 14:59:50.747] [nas] [debug] UAC access attempt is allowed for identity[0], category[MO_sig]
[2024-02-18 14:59:50.749] [nas] [debug] Sending PDU Session Establishment Request
[2024-02-18 14:59:50.749] [nas] [debug] UAC access attempt is allowed for identity[0], category[MO_sig]
[2024-02-18 14:59:50.825] [nas] [error] PDU Session Establishment Reject received [?]
[2024-02-18 14:59:50.859] [nas] [error] PDU Session Establishment Reject received [?]
[2024-02-18 14:59:51.487] [nas] [debug] Sending PDU Session Establishment Request
[2024-02-18 14:59:51.488] [nas] [debug] UAC access attempt is allowed for identity[0], category[MO_sig]
[2024-02-18 14:59:51.488] [nas] [debug] Sending PDU Session Establishment Request
[2024-02-18 14:59:51.489] [nas] [debug] UAC access attempt is allowed for identity[0], category[MO_sig]
[2024-02-18 14:59:51.549] [nas] [error] PDU Session Establishment Reject received [?]
[2024-02-18 14:59:51.588] [nas] [error] PDU Session Establishment Reject received [?]
[2024-02-18 14:59:51.848] [nas] [debug] Sending PDU Session Establishment Request
[2024-02-18 14:59:51.848] [nas] [debug] UAC access attempt is allowed for identity[0], category[MO_sig]
[2024-02-18 14:59:51.849] [nas] [debug] Sending PDU Session Establishment Request
[2024-02-18 14:59:51.849] [nas] [debug] UAC access attempt is allowed for identity[0], category[MO_sig]
[2024-02-18 14:59:51.904] [nas] [error] PDU Session Establishment Reject received [?]
[2024-02-18 14:59:51.942] [nas] [error] PDU Session Establishment Reject received [?]
[2024-02-18 14:59:52.951] [nas] [debug] Sending PDU Session Establishment Request
[2024-02-18 14:59:52.951] [nas] [debug] UAC access attempt is allowed for identity[0], category[MO_sig]
[2024-02-18 14:59:52.952] [nas] [debug] Sending PDU Session Establishment Request
[2024-02-18 14:59:52.952] [nas] [debug] UAC access attempt is allowed for identity[0], category[MO_sig]
[2024-02-18 14:59:53.010] [nas] [error] PDU Session Establishment Reject received [?]
[2024-02-18 14:59:53.047] [nas] [error] PDU Session Establishment Reject received [?]
[2024-02-18 14:59:54.052] [nas] [debug] Sending PDU Session Establishment Request
[2024-02-18 14:59:54.052] [nas] [debug] UAC access attempt is allowed for identity[0], category[MO_sig]
[2024-02-18 14:59:54.053] [nas] [debug] Sending PDU Session Establishment Request
[2024-02-18 14:59:54.054] [nas] [debug] UAC access attempt is allowed for identity[0], category[MO_sig]
[2024-02-18 14:59:54.129] [nas] [error] PDU Session Establishment Reject received [?]
[2024-02-18 14:59:54.181] [nas] [error] PDU Session Establishment Reject received [?]
[2024-02-18 14:59:55.153] [nas] [debug] Sending PDU Session Establishment Request
[2024-02-18 14:59:55.153] [nas] [debug] UAC access attempt is allowed for identity[0], category[MO_sig]
[2024-02-18 14:59:55.154] [nas] [debug] Sending PDU Session Establishment Request
[2024-02-18 14:59:55.154] [nas] [debug] UAC access attempt is allowed for identity[0], category[MO_sig]
[2024-02-18 14:59:55.206] [nas] [error] PDU Session Establishment Reject received [?]
[2024-02-18 14:59:55.254] [nas] [error] PDU Session Establishment Reject received [?]
[2024-02-18 14:59:56.255] [nas] [debug] Sending PDU Session Establishment Request
[2024-02-18 14:59:56.256] [nas] [debug] UAC access attempt is allowed for identity[0], category[MO_sig]
[2024-02-18 14:59:56.257] [nas] [debug] Sending PDU Session Establishment Request
[2024-02-18 14:59:56.257] [nas] [debug] UAC access attempt is allowed for identity[0], category[MO_sig]
[2024-02-18 14:59:56.327] [nas] [error] PDU Session Establishment Reject received [?]
[2024-02-18 14:59:56.362] [nas] [error] PDU Session Establishment Reject received [?]
[2024-02-18 14:59:57.158] [nas] [warning] Retransmitting PDU Session Establishment Request due to T3580 expiry
[2024-02-18 14:59:57.158] [nas] [debug] UAC access attempt is allowed for identity[0], category[MO_sig]
[2024-02-18 14:59:57.227] [nas] [error] PDU Session Establishment Reject received [?]
[2024-02-18 14:59:57.356] [nas] [debug] Sending PDU Session Establishment Request
[2024-02-18 14:59:57.357] [nas] [debug] UAC access attempt is allowed for identity[0], category[MO_sig]
[2024-02-18 14:59:57.357] [nas] [debug] Sending PDU Session Establishment Request
[2024-02-18 14:59:57.357] [nas] [debug] UAC access attempt is allowed for identity[0], category[MO_sig]
[2024-02-18 14:59:57.358] [nas] [debug] Sending PDU Session Establishment Request
[2024-02-18 14:59:57.358] [nas] [debug] UAC access attempt is allowed for identity[0], category[MO_sig]
[2024-02-18 14:59:57.428] [nas] [error] PDU Session Establishment Reject received [?]
[2024-02-18 14:59:57.460] [nas] [error] PDU Session Establishment Reject received [?]
[2024-02-18 14:59:58.460] [nas] [debug] Sending PDU Session Establishment Request
[2024-02-18 14:59:58.464] [nas] [debug] UAC access attempt is allowed for identity[0], category[MO_sig]
[2024-02-18 14:59:58.465] [nas] [debug] Sending PDU Session Establishment Request
[2024-02-18 14:59:58.466] [nas] [debug] UAC access attempt is allowed for identity[0], category[MO_sig]
[2024-02-18 14:59:58.584] [nas] [error] PDU Session Establishment Reject received [?]
[2024-02-18 14:59:58.642] [nas] [error] PDU Session Establishment Reject received [?]
[2024-02-18 14:59:59.639] [nas] [debug] Sending PDU Session Establishment Request
[2024-02-18 14:59:59.673] [nas] [debug] UAC access attempt is allowed for identity[0], category[MO_sig]
[2024-02-18 14:59:59.796] [nas] [debug] Sending PDU Session Establishment Request
[2024-02-18 14:59:59.810] [nas] [debug] UAC access attempt is allowed for identity[0], category[MO_sig]
[2024-02-18 15:00:00.253] [nas] [error] PDU Session Establishment Reject received [?]
[2024-02-18 15:00:00.431] [nas] [error] PDU Session Establishment Reject received [?]
[2024-02-18 15:00:00.740] [nas] [debug] Sending PDU Session Establishment Request
[2024-02-18 15:00:00.740] [nas] [debug] UAC access attempt is allowed for identity[0], category[MO_sig]
[2024-02-18 15:00:00.741] [nas] [debug] Sending PDU Session Establishment Request
[2024-02-18 15:00:00.742] [nas] [debug] UAC access attempt is allowed for identity[0], category[MO_sig]
[2024-02-18 15:00:00.843] [nas] [error] PDU Session Establishment Reject received [?]
[2024-02-18 15:00:00.908] [nas] [error] PDU Session Establishment Reject received [?]
[2024-02-18 15:00:01.510] [nas] [debug] Sending PDU Session Establishment Request
[2024-02-18 15:00:01.512] [nas] [debug] UAC access attempt is allowed for identity[0], category[MO_sig]
[2024-02-18 15:00:01.514] [nas] [debug] Sending PDU Session Establishment Request
[2024-02-18 15:00:01.514] [nas] [debug] UAC access attempt is allowed for identity[0], category[MO_sig]
[2024-02-18 15:00:01.653] [nas] [error] PDU Session Establishment Reject received [?]
[2024-02-18 15:00:01.729] [nas] [error] PDU Session Establishment Reject received [?]
[2024-02-18 15:00:01.841] [nas] [debug] Sending PDU Session Establishment Request
[2024-02-18 15:00:01.842] [nas] [debug] UAC access attempt is allowed for identity[0], category[MO_sig]
[2024-02-18 15:00:01.843] [nas] [debug] Sending PDU Session Establishment Request
[2024-02-18 15:00:01.843] [nas] [debug] UAC access attempt is allowed for identity[0], category[MO_sig]
[2024-02-18 15:00:01.925] [nas] [error] PDU Session Establishment Reject received [?]
[2024-02-18 15:00:02.109] [nas] [error] PDU Session Establishment Reject received [?]
[2024-02-18 15:00:02.942] [nas] [debug] Sending PDU Session Establishment Request
[2024-02-18 15:00:02.943] [nas] [debug] UAC access attempt is allowed for identity[0], category[MO_sig]
[2024-02-18 15:00:02.943] [nas] [debug] Sending PDU Session Establishment Request
[2024-02-18 15:00:02.944] [nas] [debug] UAC access attempt is allowed for identity[0], category[MO_sig]
